<?xml version="1.0" encoding="UTF-8"?>
<!-- Generated by org.testng.reporters.JUnitReportReporter -->
<testsuite hostname="DESKTOP-J7R5I0L" failures="0" tests="1" name="Automation.Mytestcases" time="12.578" errors="0" timestamp="2025-09-21T20:15:49 EET" skipped="0">
  <testcase classname="Automation.Mytestcases" name="signuptest" time="12.578"/>
</testsuite> <!-- Automation.Mytestcases -->
